<?xml version="1.0" encoding="utf-8"?><testsuites name="pytest tests"><testsuite name="pytest" errors="0" failures="1" skipped="0" tests="11" time="13.372" timestamp="2026-04-28T01:57:22.031623+00:00" hostname="agent-env-b7038d08-1070-4003-bdfb-70bcc01b6c19"><testcase classname="test_iteration2.TestGuestbook" name="test_post_and_get" time="0.640" /><testcase classname="test_iteration2.TestGuestbook" name="test_post_empty_rejected" time="0.635" /><testcase classname="test_iteration2.TestGuestbook" name="test_post_too_long_rejected" time="0.133" /><testcase classname="test_iteration2.TestUploadValidation" name="test_audio_kind_rejects_image_mime" time="0.109" /><testcase classname="test_iteration2.TestUploadValidation" name="test_video_kind_rejects_audio_mime" time="0.114" /><testcase classname="test_iteration2.TestUploadValidation" name="test_avatar_kind_accepts_image" time="0.695" /><testcase classname="test_iteration2.TestRateLimit" name="test_eleven_uploads_hits_429" time="3.375" /><testcase classname="test_iteration2" name="test_chat_history_endpoint_and_snapshot" time="1.235" /><testcase classname="test_iteration2" name="test_sprite_snapshot_and_broadcast" time="0.637" /><testcase classname="test_iteration2" name="test_typing_broadcast_excludes_sender" time="4.141" /><testcase classname="test_iteration2" name="test_jukebox_enqueue_next_clear" time="1.554"><failure message="assert False&#10; +  where False = any(&lt;generator object test_jukebox_enqueue_next_clear.&lt;locals&gt;.&lt;genexpr&gt; at 0xfb20e173b060&gt;)">backend/tests/test_iteration2.py:271: in test_jukebox_enqueue_next_clear
    assert any(t.get("title") == "track2" for t in evt["queue"])
E   assert False
E    +  where False = any(&lt;generator object test_jukebox_enqueue_next_clear.&lt;locals&gt;.&lt;genexpr&gt; at 0xfb20e173b060&gt;)</failure></testcase></testsuite></testsuites>