<?xml version="1.0" encoding="utf-8"?><testsuites name="pytest tests"><testsuite name="pytest" errors="0" failures="0" skipped="0" tests="7" time="8.866" timestamp="2026-04-29T13:04:27.234590+00:00" hostname="agent-env-b7038d08-1070-4003-bdfb-70bcc01b6c19"><testcase classname="test_iteration18.TestKillModeHandler" name="test_kill_mode_broadcasts_to_others" time="1.598" /><testcase classname="test_iteration18.TestKillModeHandler" name="test_kill_mode_truthy_coercion" time="1.084" /><testcase classname="test_iteration18.TestKillModeHandler" name="test_snapshot_includes_kill_mode_field" time="1.469" /><testcase classname="test_iteration18.TestKillModeHandler" name="test_snapshot_default_kill_mode_false" time="1.105" /><testcase classname="test_iteration18.TestAttackUngatedByKillMode" name="test_attack_works_when_attacker_kill_mode_off" time="1.458" /><testcase classname="test_iteration18.TestRegressionAfterKillMode" name="test_ping_still_works_after_kill_mode_added" time="0.823" /><testcase classname="test_iteration18.TestRegressionAfterKillMode" name="test_chat_still_works_after_kill_mode" time="1.264" /></testsuite></testsuites>