<?xml version="1.0" encoding="utf-8"?><testsuites name="pytest tests"><testsuite name="pytest" errors="0" failures="0" skipped="0" tests="32" time="21.963" timestamp="2026-04-28T02:40:52.209897+00:00" hostname="agent-env-b7038d08-1070-4003-bdfb-70bcc01b6c19"><testcase classname="backend_test.TestJoin" name="test_join_valid" time="0.244" /><testcase classname="backend_test.TestJoin" name="test_join_too_short" time="0.151" /><testcase classname="backend_test.TestJoin" name="test_join_too_long" time="0.112" /><testcase classname="backend_test.TestRooms" name="test_list_rooms" time="0.135" /><testcase classname="backend_test.TestRooms" name="test_room_state" time="0.146" /><testcase classname="backend_test.TestRooms" name="test_room_state_not_found" time="0.121" /><testcase classname="backend_test.TestUpload" name="test_upload_avatar" time="0.437" /><testcase classname="backend_test.TestUpload" name="test_upload_audio" time="0.289" /><testcase classname="backend_test.TestUpload" name="test_upload_video" time="0.365" /><testcase classname="backend_test.TestUpload" name="test_upload_invalid_kind" time="0.146" /><testcase classname="backend_test.TestUpload" name="test_download_uploaded_file" time="0.321" /><testcase classname="backend_test.TestUpload" name="test_user_media_list" time="0.166" /><testcase classname="backend_test.TestUpload" name="test_recent_media_audio" time="0.114" /><testcase classname="backend_test" name="test_ws_chat_and_presence" time="1.306" /><testcase classname="test_iteration2.TestGuestbook" name="test_post_and_get" time="0.345" /><testcase classname="test_iteration2.TestGuestbook" name="test_post_empty_rejected" time="0.159" /><testcase classname="test_iteration2.TestGuestbook" name="test_post_too_long_rejected" time="0.119" /><testcase classname="test_iteration2.TestUploadValidation" name="test_audio_kind_rejects_image_mime" time="0.110" /><testcase classname="test_iteration2.TestUploadValidation" name="test_video_kind_rejects_audio_mime" time="0.104" /><testcase classname="test_iteration2.TestUploadValidation" name="test_avatar_kind_accepts_image" time="0.488" /><testcase classname="test_iteration2.TestRateLimit" name="test_eleven_uploads_hits_429" time="2.995" /><testcase classname="test_iteration2" name="test_chat_history_endpoint_and_snapshot" time="1.220" /><testcase classname="test_iteration2" name="test_sprite_snapshot_and_broadcast" time="0.631" /><testcase classname="test_iteration2" name="test_typing_broadcast_excludes_sender" time="4.142" /><testcase classname="test_iteration2" name="test_jukebox_enqueue_next_clear" time="2.623" /><testcase classname="test_iteration3.TestRoomsBg" name="test_five_rooms_with_bg" time="0.137" /><testcase classname="test_iteration3.TestRoomsBg" name="test_regular_cafe_state_with_hyphen" time="0.120" /><testcase classname="test_iteration3" name="test_snapshot_users_have_thought_and_last_message" time="0.343" /><testcase classname="test_iteration3" name="test_think_prefix_broadcasts_thought_no_chat" time="2.701" /><testcase classname="test_iteration3" name="test_direct_thought_event" time="0.307" /><testcase classname="test_iteration3" name="test_regular_chat_updates_last_message_in_snapshot" time="0.625" /><testcase classname="test_iteration3" name="test_user_joined_includes_sprite_x_y" time="0.611" /></testsuite></testsuites>