<?xml version="1.0" encoding="utf-8"?><testsuites name="pytest tests"><testsuite name="pytest" errors="0" failures="0" skipped="0" tests="11" time="6.688" timestamp="2026-04-29T01:28:37.264091+00:00" hostname="agent-env-b7038d08-1070-4003-bdfb-70bcc01b6c19"><testcase classname="test_iteration16.TestProfileEndpoint" name="test_profile_unknown_nickname_returns_404" time="0.255" /><testcase classname="test_iteration16.TestProfileEndpoint" name="test_profile_after_join_returns_expected_shape" time="0.274" /><testcase classname="test_iteration16.TestProfileEndpoint" name="test_profile_reflects_bio_update" time="0.357" /><testcase classname="test_iteration16.TestUploads" name="test_upload_avatar_returns_200_and_record" time="0.515" /><testcase classname="test_iteration16.TestUploads" name="test_upload_appears_in_profile" time="0.523" /><testcase classname="test_iteration16.TestWSProfileIntegration" name="test_ws_join_persists_sprite_anim_to_user_doc" time="1.630" /><testcase classname="test_iteration16.TestWSProfileIntegration" name="test_profile_shows_live_room_while_connected" time="0.999" /><testcase classname="test_iteration16.TestWSProfileIntegration" name="test_profile_reflects_sprayed_tags" time="1.481" /><testcase classname="test_iteration16.TestExistingFlows" name="test_join" time="0.117" /><testcase classname="test_iteration16.TestExistingFlows" name="test_get_rooms" time="0.108" /><testcase classname="test_iteration16.TestExistingFlows" name="test_bio_round_trip" time="0.340" /></testsuite></testsuites>