<?xml version="1.0" encoding="utf-8"?><testsuites name="pytest tests"><testsuite name="pytest" errors="0" failures="0" skipped="0" tests="6" time="50.131" timestamp="2026-04-29T13:37:27.260406+00:00" hostname="agent-env-b7038d08-1070-4003-bdfb-70bcc01b6c19"><testcase classname="test_iteration19.TestWeirdBotFrequency" name="test_bot_tick_slowed_no_talk_storm" time="35.697" /><testcase classname="test_iteration19.TestWeirdBotFrequency" name="test_bot_react_probability_reduced" time="11.801" /><testcase classname="test_iteration19.TestBackendRegression" name="test_chat_move_stance_anim_ping_dispatch" time="1.719" /><testcase classname="test_iteration19.TestBackendRegression" name="test_snapshot_includes_kill_mode_field" time="0.313" /><testcase classname="test_iteration19.TestBackendRegression" name="test_profile_endpoint" time="0.265" /><testcase classname="test_iteration19.TestBackendRegression" name="test_profile_endpoint_without_user_id" time="0.270" /></testsuite></testsuites>