<?xml version="1.0" encoding="utf-8"?><testsuites name="pytest tests"><testsuite name="pytest" errors="0" failures="0" skipped="0" tests="19" time="35.682" timestamp="2026-04-29T12:30:41.127059+00:00" hostname="agent-env-b7038d08-1070-4003-bdfb-70bcc01b6c19"><testcase classname="test_iteration17.TestRESTRegression" name="test_join_ok" time="0.275" /><testcase classname="test_iteration17.TestRESTRegression" name="test_join_short_nick_400" time="0.122" /><testcase classname="test_iteration17.TestRESTRegression" name="test_get_rooms" time="0.133" /><testcase classname="test_iteration17.TestRESTRegression" name="test_bio_round_trip" time="0.433" /><testcase classname="test_iteration17.TestRESTRegression" name="test_upload_avatar_then_get_file" time="0.638" /><testcase classname="test_iteration17.TestProfileDisambiguation" name="test_disambiguation_two_users_same_handle" time="0.766" /><testcase classname="test_iteration17.TestWSChatAndThought" name="test_chat_broadcasts_to_other" time="1.340" /><testcase classname="test_iteration17.TestWSChatAndThought" name="test_think_prefix_emits_thought" time="1.042" /><testcase classname="test_iteration17.TestWSChatAndThought" name="test_explicit_thought_message" time="1.036" /><testcase classname="test_iteration17.TestWSChatAndThought" name="test_typing_excludes_sender" time="1.057" /><testcase classname="test_iteration17.TestWSStateMutators" name="test_move_clamps_and_broadcasts" time="1.107" /><testcase classname="test_iteration17.TestWSStateMutators" name="test_sprite_anim_avatar_persist_to_db" time="2.029" /><testcase classname="test_iteration17.TestWSStateMutators" name="test_anim_invalid_id_rejected" time="3.050" /><testcase classname="test_iteration17.TestWSJukeboxAndYoutube" name="test_jukebox_play_audio_then_stop" time="0.641" /><testcase classname="test_iteration17.TestWSJukeboxAndYoutube" name="test_youtube_play_enqueue_next" time="0.885" /><testcase classname="test_iteration17.TestWSTagsAndPvP" name="test_tag_spray_and_clear" time="0.664" /><testcase classname="test_iteration17.TestWSTagsAndPvP" name="test_attack_hurt_die_respawn_cycle" time="18.786" /><testcase classname="test_iteration17.TestWSPing" name="test_ping_returns_pong" time="0.656" /><testcase classname="test_iteration17.TestWSPing" name="test_unknown_message_type_is_silently_dropped" time="0.932" /></testsuite></testsuites>