<?xml version="1.0" encoding="utf-8"?><testsuites name="pytest tests"><testsuite name="pytest" errors="0" failures="0" skipped="0" tests="43" time="102.062" timestamp="2026-04-28T04:04:05.284589+00:00" hostname="agent-env-b7038d08-1070-4003-bdfb-70bcc01b6c19"><testcase classname="backend_test.TestJoin" name="test_join_valid" time="0.242" /><testcase classname="backend_test.TestJoin" name="test_join_too_short" time="0.113" /><testcase classname="backend_test.TestJoin" name="test_join_too_long" time="0.108" /><testcase classname="backend_test.TestRooms" name="test_list_rooms" time="0.113" /><testcase classname="backend_test.TestRooms" name="test_room_state" time="0.103" /><testcase classname="backend_test.TestRooms" name="test_room_state_not_found" time="0.111" /><testcase classname="backend_test.TestUpload" name="test_upload_avatar" time="0.333" /><testcase classname="backend_test.TestUpload" name="test_upload_audio" time="0.261" /><testcase classname="backend_test.TestUpload" name="test_upload_video" time="0.253" /><testcase classname="backend_test.TestUpload" name="test_upload_invalid_kind" time="0.113" /><testcase classname="backend_test.TestUpload" name="test_download_uploaded_file" time="0.297" /><testcase classname="backend_test.TestUpload" name="test_user_media_list" time="0.132" /><testcase classname="backend_test.TestUpload" name="test_recent_media_audio" time="0.123" /><testcase classname="backend_test" name="test_ws_chat_and_presence" time="1.319" /><testcase classname="test_iteration2.TestGuestbook" name="test_post_and_get" time="0.320" /><testcase classname="test_iteration2.TestGuestbook" name="test_post_empty_rejected" time="1.148" /><testcase classname="test_iteration2.TestGuestbook" name="test_post_too_long_rejected" time="0.119" /><testcase classname="test_iteration2.TestUploadValidation" name="test_audio_kind_rejects_image_mime" time="0.106" /><testcase classname="test_iteration2.TestUploadValidation" name="test_video_kind_rejects_audio_mime" time="0.105" /><testcase classname="test_iteration2.TestUploadValidation" name="test_avatar_kind_accepts_image" time="0.469" /><testcase classname="test_iteration2.TestRateLimit" name="test_eleven_uploads_hits_429" time="2.540" /><testcase classname="test_iteration2" name="test_chat_history_endpoint_and_snapshot" time="1.121" /><testcase classname="test_iteration2" name="test_sprite_snapshot_and_broadcast" time="0.593" /><testcase classname="test_iteration2" name="test_typing_broadcast_excludes_sender" time="4.088" /><testcase classname="test_iteration2" name="test_jukebox_enqueue_next_clear" time="2.536" /><testcase classname="test_iteration3.TestRoomsBg" name="test_five_rooms_with_bg" time="0.129" /><testcase classname="test_iteration3.TestRoomsBg" name="test_regular_cafe_state_with_hyphen" time="0.102" /><testcase classname="test_iteration3" name="test_snapshot_users_have_thought_and_last_message" time="0.290" /><testcase classname="test_iteration3" name="test_think_prefix_broadcasts_thought_no_chat" time="2.687" /><testcase classname="test_iteration3" name="test_direct_thought_event" time="0.335" /><testcase classname="test_iteration3" name="test_regular_chat_updates_last_message_in_snapshot" time="0.569" /><testcase classname="test_iteration3" name="test_user_joined_includes_sprite_x_y" time="0.603" /><testcase classname="test_iteration4" name="test_chat_fullfunk_true_broadcasts_and_persists" time="2.716" /><testcase classname="test_iteration4" name="test_think_fullfunk_broadcasts_and_snapshot_includes_thought_fullfunk" time="0.627" /><testcase classname="test_iteration4" name="test_regular_chat_fullfunk_false_in_snapshot_last_message" time="0.594" /><testcase classname="test_iteration5" name="test_rest_get_and_delete_tags_empty" time="0.221" /><testcase classname="test_iteration5" name="test_rest_tags_404_unknown_room" time="0.229" /><testcase classname="test_iteration5" name="test_ws_tag_spray_broadcasts_persists_and_no_objectid" time="2.428" /><testcase classname="test_iteration5" name="test_ws_snapshot_on_join_includes_tags" time="1.083" /><testcase classname="test_iteration5" name="test_ws_tag_clear_broadcasts_and_deletes" time="23.818" /><testcase classname="test_iteration5" name="test_ws_stance_broadcasts_and_in_snapshot" time="32.593" /><testcase classname="test_iteration5" name="test_ws_anim_change_broadcasts_and_in_snapshot" time="3.008" /><testcase classname="test_iteration5" name="test_ws_tag_spray_respects_max_cap" time="13.148" /></testsuite></testsuites>