<?xml version="1.0" encoding="utf-8"?><testsuites name="pytest tests"><testsuite name="pytest" errors="0" failures="0" skipped="0" tests="8" time="27.513" timestamp="2026-04-28T03:55:03.190235+00:00" hostname="agent-env-b7038d08-1070-4003-bdfb-70bcc01b6c19"><testcase classname="test_iteration5" name="test_rest_get_and_delete_tags_empty" time="0.438" /><testcase classname="test_iteration5" name="test_rest_tags_404_unknown_room" time="0.247" /><testcase classname="test_iteration5" name="test_ws_tag_spray_broadcasts_persists_and_no_objectid" time="2.504" /><testcase classname="test_iteration5" name="test_ws_snapshot_on_join_includes_tags" time="1.148" /><testcase classname="test_iteration5" name="test_ws_tag_clear_broadcasts_and_deletes" time="4.488" /><testcase classname="test_iteration5" name="test_ws_stance_broadcasts_and_in_snapshot" time="2.518" /><testcase classname="test_iteration5" name="test_ws_anim_change_broadcasts_and_in_snapshot" time="2.987" /><testcase classname="test_iteration5" name="test_ws_tag_spray_respects_max_cap" time="13.106" /></testsuite></testsuites>