<?xml version="1.0" encoding="utf-8"?><testsuites name="pytest tests"><testsuite name="pytest" errors="0" failures="3" skipped="0" tests="43" time="91.608" timestamp="2026-04-28T03:55:39.575579+00:00" hostname="agent-env-b7038d08-1070-4003-bdfb-70bcc01b6c19"><testcase classname="backend_test.TestJoin" name="test_join_valid" time="0.185" /><testcase classname="backend_test.TestJoin" name="test_join_too_short" time="0.102" /><testcase classname="backend_test.TestJoin" name="test_join_too_long" time="0.110" /><testcase classname="backend_test.TestRooms" name="test_list_rooms" time="0.099"><failure message="AssertionError: assert 11 == 5&#10; +  where 11 = len([{'bg_url': 'https://customer-assets.emergentagent.com/job_strange-worlds-chat/artifacts/njsr6va3_DD9C9F7E-35B4-41EC-9...FF29C2.png', 'id': 'toxic-void', 'name': 'GW Toxic Void', 'tagline': 'good weird hazardous signal is alive', ...}, ...])">E   AssertionError: assert 11 == 5
     +  where 11 = len([{'bg_url': 'https://customer-assets.emergentagent.com/job_strange-worlds-chat/artifacts/njsr6va3_DD9C9F7E-35B4-41EC-9...FF29C2.png', 'id': 'toxic-void', 'name': 'GW Toxic Void', 'tagline': 'good weird hazardous signal is alive', ...}, ...])</failure></testcase><testcase classname="backend_test.TestRooms" name="test_room_state" time="0.114" /><testcase classname="backend_test.TestRooms" name="test_room_state_not_found" time="0.102" /><testcase classname="backend_test.TestUpload" name="test_upload_avatar" time="0.408" /><testcase classname="backend_test.TestUpload" name="test_upload_audio" time="0.244" /><testcase classname="backend_test.TestUpload" name="test_upload_video" time="0.245" /><testcase classname="backend_test.TestUpload" name="test_upload_invalid_kind" time="0.113" /><testcase classname="backend_test.TestUpload" name="test_download_uploaded_file" time="0.237" /><testcase classname="backend_test.TestUpload" name="test_user_media_list" time="0.124" /><testcase classname="backend_test.TestUpload" name="test_recent_media_audio" time="0.110" /><testcase classname="backend_test" name="test_ws_chat_and_presence" time="1.326" /><testcase classname="test_iteration2.TestGuestbook" name="test_post_and_get" time="0.341" /><testcase classname="test_iteration2.TestGuestbook" name="test_post_empty_rejected" time="0.099" /><testcase classname="test_iteration2.TestGuestbook" name="test_post_too_long_rejected" time="0.122" /><testcase classname="test_iteration2.TestUploadValidation" name="test_audio_kind_rejects_image_mime" time="0.118" /><testcase classname="test_iteration2.TestUploadValidation" name="test_video_kind_rejects_audio_mime" time="0.116" /><testcase classname="test_iteration2.TestUploadValidation" name="test_avatar_kind_accepts_image" time="0.436" /><testcase classname="test_iteration2.TestRateLimit" name="test_eleven_uploads_hits_429" time="2.657" /><testcase classname="test_iteration2" name="test_chat_history_endpoint_and_snapshot" time="1.154" /><testcase classname="test_iteration2" name="test_sprite_snapshot_and_broadcast" time="0.683" /><testcase classname="test_iteration2" name="test_typing_broadcast_excludes_sender" time="4.090" /><testcase classname="test_iteration2" name="test_jukebox_enqueue_next_clear" time="2.521" /><testcase classname="test_iteration3.TestRoomsBg" name="test_five_rooms_with_bg" time="0.127"><failure message="AssertionError: assert 11 == 5&#10; +  where 11 = len([{'bg_url': 'https://customer-assets.emergentagent.com/job_strange-worlds-chat/artifacts/njsr6va3_DD9C9F7E-35B4-41EC-9...FF29C2.png', 'id': 'toxic-void', 'name': 'GW Toxic Void', 'tagline': 'good weird hazardous signal is alive', ...}, ...])">E   AssertionError: assert 11 == 5
     +  where 11 = len([{'bg_url': 'https://customer-assets.emergentagent.com/job_strange-worlds-chat/artifacts/njsr6va3_DD9C9F7E-35B4-41EC-9...FF29C2.png', 'id': 'toxic-void', 'name': 'GW Toxic Void', 'tagline': 'good weird hazardous signal is alive', ...}, ...])</failure></testcase><testcase classname="test_iteration3.TestRoomsBg" name="test_regular_cafe_state_with_hyphen" time="0.109" /><testcase classname="test_iteration3" name="test_snapshot_users_have_thought_and_last_message" time="0.281" /><testcase classname="test_iteration3" name="test_think_prefix_broadcasts_thought_no_chat" time="2.629" /><testcase classname="test_iteration3" name="test_direct_thought_event" time="0.323" /><testcase classname="test_iteration3" name="test_regular_chat_updates_last_message_in_snapshot" time="0.621" /><testcase classname="test_iteration3" name="test_user_joined_includes_sprite_x_y" time="0.569" /><testcase classname="test_iteration4" name="test_chat_fullfunk_true_broadcasts_and_persists" time="2.740" /><testcase classname="test_iteration4" name="test_think_fullfunk_broadcasts_and_snapshot_includes_thought_fullfunk" time="0.576" /><testcase classname="test_iteration4" name="test_regular_chat_fullfunk_false_in_snapshot_last_message" time="0.625" /><testcase classname="test_iteration5" name="test_rest_get_and_delete_tags_empty" time="0.218" /><testcase classname="test_iteration5" name="test_rest_tags_404_unknown_room" time="0.223" /><testcase classname="test_iteration5" name="test_ws_tag_spray_broadcasts_persists_and_no_objectid" time="2.437" /><testcase classname="test_iteration5" name="test_ws_snapshot_on_join_includes_tags" time="1.105" /><testcase classname="test_iteration5" name="test_ws_tag_clear_broadcasts_and_deletes" time="4.468" /><testcase classname="test_iteration5" name="test_ws_stance_broadcasts_and_in_snapshot" time="42.315"><failure message="TimeoutError: timed out during opening handshake">E   asyncio.exceptions.CancelledError

The above exception was the direct cause of the following exception:
E   TimeoutError

The above exception was the direct cause of the following exception:
E   TimeoutError: timed out during opening handshake</failure></testcase><testcase classname="test_iteration5" name="test_ws_anim_change_broadcasts_and_in_snapshot" time="3.146" /><testcase classname="test_iteration5" name="test_ws_tag_spray_respects_max_cap" time="13.131" /></testsuite></testsuites>